+ env
AMBERHOME=/home/kfwong/Packages/amber12
_=/bin/env
CHTCUTILS=/usr/share/chtc-utils
CVS_RSH=ssh
DISPLAY=localhost:19.0
G_BROKEN_FILENAMES=1
HISTSIZE=1000
HOME=/home/kfwong
HOSTNAME=submit-1.chtc.wisc.edu
INPUTRC=/etc/inputrc
LANG=en_US.utf8
LESSOPEN=|/usr/bin/lesspipe.sh %s
LOGNAME=kfwong
LS_COLORS=no=00:fi=00:di=00;34:ln=00;36:pi=40;33:so=00;35:bd=40;33;01:cd=40;33;01:or=01;05;37;41:mi=01;05;37;41:ex=00;32:*.cmd=00;32:*.exe=00;32:*.com=00;32:*.btm=00;32:*.bat=00;32:*.sh=00;32:*.csh=00;32:*.tar=00;31:*.tgz=00;31:*.arj=00;31:*.taz=00;31:*.lzh=00;31:*.zip=00;31:*.z=00;31:*.Z=00;31:*.gz=00;31:*.bz2=00;31:*.bz=00;31:*.tz=00;31:*.rpm=00;31:*.cpio=00;31:*.jpg=00;35:*.gif=00;35:*.bmp=00;35:*.xbm=00;35:*.xpm=00;35:*.png=00;35:*.tif=00;35:
MAIL=/var/spool/mail/kfwong
PATH=.:/home/kfwong/Packages/epd-7.3-2-rh5-x86_64/bin:/home/kfwong/Packages/gromacs/bin:/home/kfwong/Packages/amber12/bin:/usr/kerberos/bin:/usr/local/bin:/bin:/usr/bin:/home/kfwong/bin
PROPAGATION_DEBUG=1
PWD=/home/kfwong/westpa.devel/lib/examples/methane_condor
PYTHONPATH=/home/kfwong/westpa.devel/lib/h5py:/home/kfwong/westpa.devel/lib/wwmgr:/home/kfwong/westpa.devel/src:/home/kfwong/westpa.devel/lib/west_tools
PYTHONWARNINGS=d
SEG_DEBUG=1
SHELL=/bin/bash
SHLVL=2
SSH_CLIENT=130.49.179.138 50858 22
SSH_CONNECTION=130.49.179.138 50858 128.104.100.43 22
SSH_TTY=/dev/pts/13
TERM=xterm
USER=kfwong
WEST_COORD_RETURN=/tmp/tmpPiiVow
WEST_CURRENT_ITER=2
WEST_CURRENT_SEG_DATA_REF=/home/kfwong/westpa.devel/lib/examples/methane_condor/traj_segs/000002/000000
WEST_CURRENT_SEG_ID=-1
WEST_CURRENT_SEG_INITPOINT_TYPE=SEG_INITPOINT_CONTINUES
WEST_PARENT_DATA_REF=/home/kfwong/westpa.devel/lib/examples/methane_condor/traj_segs/000001/000001
WEST_PARENT_ID=1
WEST_PCOORD_RETURN=/tmp/tmplUfdHV
WEST_PYTHONPATH=/home/kfwong/westpa.devel/lib/h5py:/home/kfwong/westpa.devel/lib/wwmgr:/home/kfwong/westpa.devel/src:/home/kfwong/westpa.devel/lib/west_tools
WEST_PYTHON=python2.7
WEST_RAND128=304657693312472222899187200207182164435
WEST_RAND16=57545
WEST_RAND32=1487066620
WEST_RAND64=12190568232066747299
WEST_RANDFLOAT=0.590444175493
WEST_ROOT=/home/kfwong/westpa.devel
WEST_SIM_ROOT=/home/kfwong/westpa.devel/lib/examples/methane_condor
+ cd /home/kfwong/westpa.devel/lib/examples/methane_condor
+ mkdir -pv /home/kfwong/westpa.devel/lib/examples/methane_condor/traj_segs/000002/000000
mkdir: created directory `/home/kfwong/westpa.devel/lib/examples/methane_condor/traj_segs/000002'
mkdir: created directory `/home/kfwong/westpa.devel/lib/examples/methane_condor/traj_segs/000002/000000'
+ cd /home/kfwong/westpa.devel/lib/examples/methane_condor/traj_segs/000002/000000
+ TOP=methane.top
+ NDX=methane.ndx
+ ln -sv /home/kfwong/westpa.devel/lib/examples/methane_condor/methane.top /home/kfwong/westpa.devel/lib/examples/methane_condor/methane.ndx /home/kfwong/westpa.devel/lib/examples/methane_condor/md-continue.mdp /home/kfwong/westpa.devel/lib/examples/methane_condor/md-genvel.mdp /home/kfwong/westpa.devel/lib/examples/methane_condor/ch4.itp .
create symbolic link `./methane.top' to `/home/kfwong/westpa.devel/lib/examples/methane_condor/methane.top'
create symbolic link `./methane.ndx' to `/home/kfwong/westpa.devel/lib/examples/methane_condor/methane.ndx'
create symbolic link `./md-continue.mdp' to `/home/kfwong/westpa.devel/lib/examples/methane_condor/md-continue.mdp'
create symbolic link `./md-genvel.mdp' to `/home/kfwong/westpa.devel/lib/examples/methane_condor/md-genvel.mdp'
create symbolic link `./ch4.itp' to `/home/kfwong/westpa.devel/lib/examples/methane_condor/ch4.itp'
+ ln -sv /home/kfwong/westpa.devel/lib/examples/methane_condor/gromacs-chtc.sh
create symbolic link `./gromacs-chtc.sh' to `/home/kfwong/westpa.devel/lib/examples/methane_condor/gromacs-chtc.sh'
+ ln -sv /home/kfwong/westpa.devel/lib/examples/methane_condor/gromacs-chtc.sub
create symbolic link `./gromacs-chtc.sub' to `/home/kfwong/westpa.devel/lib/examples/methane_condor/gromacs-chtc.sub'
+ case $WEST_CURRENT_SEG_INITPOINT_TYPE in
+ ln -sv /home/kfwong/westpa.devel/lib/examples/methane_condor/traj_segs/000001/000001/seg.gro ./parent.gro
create symbolic link `./parent.gro' to `/home/kfwong/westpa.devel/lib/examples/methane_condor/traj_segs/000001/000001/seg.gro'
+ ln -sv /home/kfwong/westpa.devel/lib/examples/methane_condor/traj_segs/000001/000001/seg.trr ./parent.trr
create symbolic link `./parent.trr' to `/home/kfwong/westpa.devel/lib/examples/methane_condor/traj_segs/000001/000001/seg.trr'
+ grompp -f md-continue.mdp -c parent.gro -t parent.trr -p methane.top -o seg.tpr -n methane.ndx
Option     Filename  Type         Description
------------------------------------------------------------
  -f md-continue.mdp  Input        grompp input file with MD parameters
 -po      mdout.mdp  Output       grompp input file with MD parameters
  -c     parent.gro  Input        Structure file: gro g96 pdb tpr etc.
  -r       conf.gro  Input, Opt.  Structure file: gro g96 pdb tpr etc.
 -rb       conf.gro  Input, Opt.  Structure file: gro g96 pdb tpr etc.
  -n    methane.ndx  Input, Opt!  Index file
  -p    methane.top  Input        Topology file
 -pp  processed.top  Output, Opt. Topology file
  -o        seg.tpr  Output       Run input file: tpr tpb tpa
  -t     parent.trr  Input, Opt!  Full precision trajectory: trr trj cpt
  -e       ener.edr  Input, Opt.  Energy file

Option       Type   Value   Description
------------------------------------------------------
-[no]h       bool   no      Print help info and quit
-[no]version bool   no      Print version info and quit
-nice        int    0       Set the nicelevel
-[no]v       bool   no      Be loud and noisy
-time        real   -1      Take frame at or first after this time.
-[no]rmvsbds bool   yes     Remove constant bonded interactions with virtual
                            sites
-maxwarn     int    0       Number of allowed warnings during input
                            processing. Not for normal use and may generate
                            unstable systems
-[no]zero    bool   no      Set parameters for bonded interactions without
                            defaults to zero instead of generating an error
-[no]renum   bool   yes     Renumber atomtypes and minimize number of
                            atomtypes


NOTE 1 [file md-continue.mdp]:
  Value of sa_surface_tension is < 0. Changing it to 2.05016 or 2.25936
  kJ/nm^2/mol for Still and HCT/OBC respectively


Setting the LD random seed to 19235
Generated 332520 of the 332520 non-bonded parameter combinations
Generating 1-4 interactions: fudge = 0.5
Generated 332520 of the 332520 1-4 parameter combinations
Excluding 3 bonded neighbours molecule type 'Methane'
Number of degrees of freedom in T-Coupling group System is 19.00
Reading Coordinates, Velocities and Box size from old trajectory
Will read whole trajectory
trn version: GMX_trn_file (single precision)
Reading frame       0 time    0.000   Reading frame       1 time    0.500   Last frame          1 time    0.500   
Using frame at t = 0.5 ps
Starting time for run is 0 ps

There was 1 note

gcq#31: "With a Little Penknife" (Nick Cave)

                         :-)  G  R  O  M  A  C  S  (-:

               Go Rough, Oppose Many Angry Chinese Serial killers

                            :-)  VERSION 4.5.5  (-:

        Written by Emile Apol, Rossen Apostolov, Herman J.C. Berendsen,
      Aldert van Buuren, Pär Bjelkmar, Rudi van Drunen, Anton Feenstra, 
        Gerrit Groenhof, Peter Kasson, Per Larsson, Pieter Meulenhoff, 
           Teemu Murtola, Szilard Pall, Sander Pronk, Roland Schulz, 
                Michael Shirts, Alfons Sijbers, Peter Tieleman,

               Berk Hess, David van der Spoel, and Erik Lindahl.

       Copyright (c) 1991-2000, University of Groningen, The Netherlands.
            Copyright (c) 2001-2010, The GROMACS development team at
        Uppsala University & The Royal Institute of Technology, Sweden.
            check out http://www.gromacs.org for more information.

         This program is free software; you can redistribute it and/or
          modify it under the terms of the GNU General Public License
         as published by the Free Software Foundation; either version 2
             of the License, or (at your option) any later version.

                                :-)  grompp  (-:

turning H bonds into constraints...
Largest charge group radii for Van der Waals: 0.112, 0.111 nm
Largest charge group radii for Coulomb:       0.112, 0.111 nm
This run will generate roughly 0 Mb of data
+ echo methane.top
+ echo methane.ndx
+ echo /tmp/tmplUfdHV
+ echo /tmp/tmpPiiVow
+ condor_submit gromacs-chtc.sub
+ tail -1 condor_submit.eo
+ awk '{print $6}'
tail: cannot open `condor_submit.eo' for reading: No such file or directory
+ sed 's/\.//g'
+ :
+ grep -lq 'Normal termination (return value 0)' gromacs-chtc.sh_21201325.log
+ sleep 60
+ :
+ grep -lq 'Normal termination (return value 0)' gromacs-chtc.sh_21201325.log
+ sleep 60
+ :
+ grep -lq 'Normal termination (return value 0)' gromacs-chtc.sh_21201325.log
+ sleep 60
+ :
+ grep -lq 'Normal termination (return value 0)' gromacs-chtc.sh_21201325.log
+ sleep 60
+ :
+ grep -lq 'Normal termination (return value 0)' gromacs-chtc.sh_21201325.log
+ sleep 60
+ :
+ grep -lq 'Normal termination (return value 0)' gromacs-chtc.sh_21201325.log
+ sleep 60
+ :
+ grep -lq 'Normal termination (return value 0)' gromacs-chtc.sh_21201325.log
+ sleep 60
+ :
+ grep -lq 'Normal termination (return value 0)' gromacs-chtc.sh_21201325.log
+ sleep 60
+ :
+ grep -lq 'Normal termination (return value 0)' gromacs-chtc.sh_21201325.log
+ break
+ cp pcoordinate.txt /tmp/tmplUfdHV
+ cp coordinate.txt /tmp/tmpPiiVow
