000 (21201402.000.000) 02/19 14:18:00 Job submitted from host: <128.104.100.43:9618?sock=9719_4f72_3>
...
001 (21201402.000.000) 02/19 14:20:07 Job executing on host: <128.104.58.60:56965>
...
006 (21201402.000.000) 02/19 14:20:08 Image size of job updated: 1
	0  -  MemoryUsage of job (MB)
	0  -  ResidentSetSize of job (KB)
...
005 (21201402.000.000) 02/19 14:20:09 Job terminated.
	(1) Normal termination (return value 0)
		Usr 0 00:00:00, Sys 0 00:00:00  -  Run Remote Usage
		Usr 0 00:00:00, Sys 0 00:00:00  -  Run Local Usage
		Usr 0 00:00:00, Sys 0 00:00:00  -  Total Remote Usage
		Usr 0 00:00:00, Sys 0 00:00:00  -  Total Local Usage
	56589  -  Run Bytes Sent By Job
	10432877  -  Run Bytes Received By Job
	56589  -  Total Bytes Sent By Job
	10432877  -  Total Bytes Received By Job
	Partitionable Resources :    Usage  Request Allocated
	   Cpus                 :                 1         1
	   Disk (KB)            :    12500    12500   2086028
	   Memory (MB)          :        0        1         1
	   cpus                 :                           1
	   disk                 :                     2086028
	   memory               :                           1
...
