000 (21201427.000.000) 02/19 14:21:01 Job submitted from host: <128.104.100.43:9618?sock=9719_4f72_3>
...
001 (21201427.000.000) 02/19 14:25:03 Job executing on host: <128.104.55.89:58803>
...
006 (21201427.000.000) 02/19 14:25:03 Image size of job updated: 1
	0  -  MemoryUsage of job (MB)
	0  -  ResidentSetSize of job (KB)
...
005 (21201427.000.000) 02/19 14:25:04 Job terminated.
	(1) Normal termination (return value 0)
		Usr 0 00:00:00, Sys 0 00:00:00  -  Run Remote Usage
		Usr 0 00:00:00, Sys 0 00:00:00  -  Run Local Usage
		Usr 0 00:00:00, Sys 0 00:00:00  -  Total Remote Usage
		Usr 0 00:00:00, Sys 0 00:00:00  -  Total Local Usage
	56609  -  Run Bytes Sent By Job
	10432877  -  Run Bytes Received By Job
	56609  -  Total Bytes Sent By Job
	10432877  -  Total Bytes Received By Job
	Partitionable Resources :    Usage  Request Allocated
	   Cpus                 :                 1         1
	   Disk (KB)            :    12500    12500  17429811
	   Memory (MB)          :        0        1      1024
	   cpus                 :                           1
	   disk                 :                    17429811
	   memory               :                        1024
...
