                      :-) GROMACS - gmx trjconv, 2018 (-:

                            GROMACS is written by:
     Emile Apol      Rossen Apostolov  Herman J.C. Berendsen    Par Bjelkmar   
 Aldert van Buuren   Rudi van Drunen     Anton Feenstra    Gerrit Groenhof  
 Christoph Junghans   Anca Hamuraru    Vincent Hindriksen Dimitrios Karkoulis
    Peter Kasson        Jiri Kraus      Carsten Kutzner      Per Larsson    
  Justin A. Lemkul    Viveca Lindahl    Magnus Lundborg   Pieter Meulenhoff 
   Erik Marklund      Teemu Murtola       Szilard Pall       Sander Pronk   
   Roland Schulz     Alexey Shvetsov     Michael Shirts     Alfons Sijbers  
   Peter Tieleman    Teemu Virolainen  Christian Wennberg    Maarten Wolf   
                           and the project leaders:
        Mark Abraham, Berk Hess, Erik Lindahl, and David van der Spoel

Copyright (c) 1991-2000, University of Groningen, The Netherlands.
Copyright (c) 2001-2017, The GROMACS development team at
Uppsala University, Stockholm University and
the Royal Institute of Technology, Sweden.
check out http://www.gromacs.org for more information.

GROMACS is free software; you can redistribute it and/or modify it
under the terms of the GNU Lesser General Public License
as published by the Free Software Foundation; either version 2.1
of the License, or (at your option) any later version.

GROMACS:      gmx trjconv, version 2018
Executable:   /opt/software/GROMACS/2018-foss-2018a/bin//gmx
Data prefix:  /opt/software/GROMACS/2018-foss-2018a
Working dir:  /mnt/home/alexrd/westpa_tutorials/advanced_WExplore
Command line:
  gmx trjconv -f common_files//mnt/home/alexrd/westpa_tutorials/advanced_WExplore/bstates/0/seg.gro -s common_files//mnt/home/alexrd/westpa_tutorials/advanced_WExplore/bstates/0/seg.tpr -n 18-crown-6-K+.ndx -o common_files/pcoord.12665.pdb


-------------------------------------------------------
Program:     gmx trjconv, version 2018
Source file: src/gromacs/commandline/cmdlineparser.cpp (line 276)
Function:    void gmx::CommandLineParser::parse(int*, char**)

Error in user input:
Invalid command-line options
  In command-line option -f
    File
    'common_files//mnt/home/alexrd/westpa_tutorials/advanced_WExplore/bstates/0/seg.gro'
    does not exist or is not accessible.
    The file could not be opened.
      Reason: No such file or directory
      (call to fopen() returned error code 2)
  In command-line option -s
    File
    'common_files//mnt/home/alexrd/westpa_tutorials/advanced_WExplore/bstates/0/seg.tpr'
    does not exist or is not accessible.
    The file could not be opened.
      Reason: No such file or directory
      (call to fopen() returned error code 2)
  In command-line option -n
    File '18-crown-6-K+.ndx' does not exist or is not accessible.
    The file could not be opened.
      Reason: No such file or directory
      (call to fopen() returned error code 2)

For more information and tips for troubleshooting, please check the GROMACS
website at http://www.gromacs.org/Documentation/Errors
-------------------------------------------------------
